<?xml version="1.0" encoding="UTF-8"?>
<!-- Generated by org.testng.reporters.JUnitReportReporter -->
<testsuite hostname="AVOCOMP109" failures="0" tests="1" name="testcases.TC02_VerifyPageTitle" time="9.828" errors="0" timestamp="23 May 2023 05:18:41 GMT" skipped="0">
  <testcase classname="testcases.TC02_VerifyPageTitle" name="verifypagetile" time="9.828"/>
</testsuite> <!-- testcases.TC02_VerifyPageTitle -->
