<?xml version="1.0" encoding="UTF-8"?>
<!-- Generated by org.testng.reporters.JUnitReportReporter -->
<testsuite hostname="AVOCOMP109" failures="0" tests="1" name="testcases.PlanTest" time="0.004" errors="0" timestamp="23 May 2023 04:50:51 GMT" skipped="0">
  <testcase classname="testcases.PlanTest" name="verifyfreeTrialBtn" time="0.004"/>
</testsuite> <!-- testcases.PlanTest -->
