<?xml version="1.0" encoding="UTF-8"?>
<!-- Generated by org.testng.reporters.JUnitReportReporter -->
<testsuite hostname="AVOCOMP109" failures="0" tests="1" name="testcases.TC01_VerifyFreeTrialBtnName" time="12.509" errors="0" timestamp="23 May 2023 03:38:02 GMT" skipped="0">
  <testcase classname="testcases.TC01_VerifyFreeTrialBtnName" name="verifyfreeTrialBtn" time="12.509"/>
</testsuite> <!-- testcases.TC01_VerifyFreeTrialBtnName -->
