<?xml version="1.0" encoding="UTF-8"?>
<!-- Generated by org.testng.reporters.JUnitReportReporter -->
<testsuite hostname="AVOCOMP109" failures="0" tests="2" name="testcases.TC01_VerifyFreeTrialBtnName" time="30.951" errors="0" timestamp="22 May 2023 13:54:49 GMT" skipped="0">
  <testcase classname="testcases.TC01_VerifyFreeTrialBtnName" name="verifyCompanyLogo" time="9.440"/>
  <testcase classname="testcases.TC01_VerifyFreeTrialBtnName" name="verifyCompanyLogo" time="21.511"/>
</testsuite> <!-- testcases.TC01_VerifyFreeTrialBtnName -->
