<?xml version="1.0" encoding="UTF-8"?>
<!-- Generated by org.testng.reporters.JUnitReportReporter -->
<testsuite hostname="AVOCOMP109" failures="0" tests="2" name="testcases.TC02_VerifyPageTitle" time="22.450" errors="0" timestamp="22 May 2023 13:54:49 GMT" skipped="0">
  <testcase classname="testcases.TC02_VerifyPageTitle" name="verifypagetile" time="9.602"/>
  <testcase classname="testcases.TC02_VerifyPageTitle" name="verifypagetile" time="12.848"/>
</testsuite> <!-- testcases.TC02_VerifyPageTitle -->
